<?xml version="1.0" encoding="UTF-8"?>
<testng-results skipped="0" failed="0" ignored="0" total="1" passed="1">
  <reporter-output>
  </reporter-output>
  <suite name="Default suite" duration-ms="418" started-at="2023-03-21T13:34:12 IST" finished-at="2023-03-21T13:34:12 IST">
    <groups>
    </groups>
    <test name="Default test" duration-ms="418" started-at="2023-03-21T13:34:12 IST" finished-at="2023-03-21T13:34:12 IST">
      <class name="practice.SampleTest">
        <test-method status="PASS" signature="Demo()[pri:0, instance:practice.SampleTest@2a67b4]" name="Demo" duration-ms="108" started-at="2023-03-21T13:34:12 IST" finished-at="2023-03-21T13:34:12 IST">
          <reporter-output>
          </reporter-output>
        </test-method> <!-- Demo -->
      </class> <!-- practice.SampleTest -->
    </test> <!-- Default test -->
  </suite> <!-- Default suite -->
</testng-results>
